Using pre-set license
Built from '2020.3/release' branch; Version is '2020.3.7f1 (dd97f2c94397) revision 14522354'; Using compiler version '192528614'; Build Type 'Release'
OS: 'Windows 10 Pro; OS build 19043.1466; Version 2009; 64bit' Language: 'en' Physical Memory: 16223 MB
BatchMode: 1, IsHumanControllingUs: 0, StartBugReporterOnCrash: 0, Is64bit: 1, IsPro: 0

 COMMAND LINE ARGUMENTS:
C:\Program Files\Unity\Hub\Editor\2020.3.7f1\Editor\Unity.exe
-adb2
-batchMode
-noUpm
-name
AssetImportWorker0
-projectPath
C:/Users/ataca/Desktop/Unity/pathway-junior-programmer/JR Programmer Project
-logFile
Logs/AssetImportWorker0.log
-srvPort
52282
Successfully changed project path to: C:/Users/ataca/Desktop/Unity/pathway-junior-programmer/JR Programmer Project
C:/Users/ataca/Desktop/Unity/pathway-junior-programmer/JR Programmer Project
Using Asset Import Pipeline V2.
Refreshing native plugins compatible for Editor in 42.20 ms, found 0 plugins.
Preloading 0 native plugins for Editor in 0.00 ms.
Initialize engine version: 2020.3.7f1 (dd97f2c94397)
[Subsystems] Discovering subsystems at path C:/Program Files/Unity/Hub/Editor/2020.3.7f1/Editor/Data/Resources/UnitySubsystems
[Subsystems] Discovering subsystems at path C:/Users/ataca/Desktop/Unity/pathway-junior-programmer/JR Programmer Project/Assets
GfxDevice: creating device client; threaded=0
Direct3D:
    Version:  Direct3D 11.0 [level 11.1]
    Renderer: NVIDIA GeForce RTX 2060 (ID=0x1f15)
    Vendor:   
    VRAM:     5980 MB
    Driver:   30.0.14.9729
Shader 'Universal Render Pipeline/Particles/Lit': fallback shader 'Universal Render Pipeline/Particles/SimpleLit' not found
Initialize mono
Mono path[0] = 'C:/Program Files/Unity/Hub/Editor/2020.3.7f1/Editor/Data/Managed'
Mono path[1] = 'C:/Program Files/Unity/Hub/Editor/2020.3.7f1/Editor/Data/MonoBleedingEdge/lib/mono/unityjit'
Mono config path = 'C:/Program Files/Unity/Hub/Editor/2020.3.7f1/Editor/Data/MonoBleedingEdge/etc'
Using monoOptions --debugger-agent=transport=dt_socket,embedding=1,server=y,suspend=n,address=127.0.0.1:56124
Begin MonoManager ReloadAssembly
Registering precompiled unity dll's ...
Register platform support module: C:/Program Files/Unity/Hub/Editor/2020.3.7f1/Editor/Data/PlaybackEngines/WindowsStandaloneSupport/UnityEditor.WindowsStandalone.Extensions.dll
Registered in 0.001986 seconds.
Native extension for WindowsStandalone target not found
Refreshing native plugins compatible for Editor in 44.22 ms, found 0 plugins.
Preloading 0 native plugins for Editor in 0.00 ms.
Mono: successfully reloaded assembly
- Completed reload, in  0.995 seconds
Platform modules already initialized, skipping
Registering precompiled user dll's ...
Registered in 0.001343 seconds.
Begin MonoManager ReloadAssembly
Native extension for WindowsStandalone target not found
Refreshing native plugins compatible for Editor in 46.32 ms, found 0 plugins.
Preloading 0 native plugins for Editor in 0.00 ms.
Mono: successfully reloaded assembly
- Completed reload, in  1.022 seconds
Platform modules already initialized, skipping
========================================================================
Worker process is ready to serve import requests
Shader 'Universal Render Pipeline/Particles/Lit': fallback shader 'Universal Render Pipeline/Particles/SimpleLit' not found
Launched and connected shader compiler UnityShaderCompiler.exe after 0.03 seconds
Refreshing native plugins compatible for Editor in 0.64 ms, found 0 plugins.
Preloading 0 native plugins for Editor in 0.00 ms.
Unloading 2467 Unused Serialized files (Serialized files now loaded: 0)
System memory in use before: 116.2 MB.
System memory in use after: 116.4 MB.

Unloading 10 unused Assets to reduce memory usage. Loaded Objects now: 2912.
Total: 2.782600 ms (FindLiveObjects: 0.268700 ms CreateObjectMapping: 0.144900 ms MarkObjects: 2.302400 ms  DeleteObjects: 0.065000 ms)

========================================================================
Received Import Request.
  path: Assets/Scenes
  artifactKey: Guid(c907e490e9a4d394683c23a8de3408d1) Importer(815301076,1909f56bfc062723c751e8b465ee728b)
Start importing Assets/Scenes using Guid(c907e490e9a4d394683c23a8de3408d1) Importer(815301076,1909f56bfc062723c751e8b465ee728b)  -> (artifact id: '768ecc9dafd0d3bc80b87fe62da43980') in 0.011640 seconds
  Import took 0.015955 seconds .

========================================================================
Received Import Request.
  Time since last request: 0.000207 seconds.
  path: Assets/Scenes/Main.unity
  artifactKey: Guid(49eb575efe7f42741b60381cc0e8b633) Importer(815301076,1909f56bfc062723c751e8b465ee728b)
Start importing Assets/Scenes/Main.unity using Guid(49eb575efe7f42741b60381cc0e8b633) Importer(815301076,1909f56bfc062723c751e8b465ee728b)  -> (artifact id: '28430133cc6033273f2464613003bc11') in 0.014361 seconds
  Import took 0.019380 seconds .

========================================================================
Received Import Request.
  Time since last request: 5.532111 seconds.
  path: Assets/Scenes/Menu.unity
  artifactKey: Guid(ae666798a74d3a5488e0c0ec42a1265d) Importer(815301076,1909f56bfc062723c751e8b465ee728b)
Start importing Assets/Scenes/Menu.unity using Guid(ae666798a74d3a5488e0c0ec42a1265d) Importer(815301076,1909f56bfc062723c751e8b465ee728b)  -> (artifact id: '71af4fe052fc22bd0329fa06c17f3fd5') in 0.008035 seconds
  Import took 0.011866 seconds .

========================================================================
Received Prepare
Registering precompiled user dll's ...
Registered in 0.001378 seconds.
Begin MonoManager ReloadAssembly
Native extension for WindowsStandalone target not found
Refreshing native plugins compatible for Editor in 0.38 ms, found 0 plugins.
Preloading 0 native plugins for Editor in 0.00 ms.
Mono: successfully reloaded assembly
- Completed reload, in  0.894 seconds
Platform modules already initialized, skipping
Shader 'Universal Render Pipeline/Particles/Lit': fallback shader 'Universal Render Pipeline/Particles/SimpleLit' not found
Refreshing native plugins compatible for Editor in 0.39 ms, found 0 plugins.
Preloading 0 native plugins for Editor in 0.00 ms.
Unloading 2358 Unused Serialized files (Serialized files now loaded: 0)
System memory in use before: 109.3 MB.
System memory in use after: 109.5 MB.

Unloading 5 unused Assets to reduce memory usage. Loaded Objects now: 2915.
Total: 2.357700 ms (FindLiveObjects: 0.240500 ms CreateObjectMapping: 0.137300 ms MarkObjects: 1.961600 ms  DeleteObjects: 0.017200 ms)

========================================================================
Received Prepare
Registering precompiled user dll's ...
Registered in 0.001306 seconds.
Begin MonoManager ReloadAssembly
Native extension for WindowsStandalone target not found
Refreshing native plugins compatible for Editor in 0.39 ms, found 0 plugins.
Preloading 0 native plugins for Editor in 0.00 ms.
Mono: successfully reloaded assembly
- Completed reload, in  0.873 seconds
Platform modules already initialized, skipping
Shader 'Universal Render Pipeline/Particles/Lit': fallback shader 'Universal Render Pipeline/Particles/SimpleLit' not found
Refreshing native plugins compatible for Editor in 0.38 ms, found 0 plugins.
Preloading 0 native plugins for Editor in 0.00 ms.
Unloading 2358 Unused Serialized files (Serialized files now loaded: 0)
System memory in use before: 109.3 MB.
System memory in use after: 109.5 MB.

Unloading 5 unused Assets to reduce memory usage. Loaded Objects now: 2918.
Total: 4.864000 ms (FindLiveObjects: 0.540500 ms CreateObjectMapping: 0.312700 ms MarkObjects: 3.974300 ms  DeleteObjects: 0.032700 ms)

========================================================================
Received Prepare
Registering precompiled user dll's ...
Registered in 0.002181 seconds.
Begin MonoManager ReloadAssembly
Native extension for WindowsStandalone target not found
Refreshing native plugins compatible for Editor in 0.47 ms, found 0 plugins.
Preloading 0 native plugins for Editor in 0.00 ms.
Mono: successfully reloaded assembly
- Completed reload, in  1.093 seconds
Platform modules already initialized, skipping
Shader 'Universal Render Pipeline/Particles/Lit': fallback shader 'Universal Render Pipeline/Particles/SimpleLit' not found
Refreshing native plugins compatible for Editor in 0.44 ms, found 0 plugins.
Preloading 0 native plugins for Editor in 0.00 ms.
Unloading 2358 Unused Serialized files (Serialized files now loaded: 0)
System memory in use before: 109.4 MB.
System memory in use after: 109.6 MB.

Unloading 5 unused Assets to reduce memory usage. Loaded Objects now: 2921.
Total: 2.594000 ms (FindLiveObjects: 0.291300 ms CreateObjectMapping: 0.160400 ms MarkObjects: 2.125400 ms  DeleteObjects: 0.015400 ms)

========================================================================
Received Prepare
Registering precompiled user dll's ...
Registered in 0.001346 seconds.
Begin MonoManager ReloadAssembly
Native extension for WindowsStandalone target not found
Refreshing native plugins compatible for Editor in 0.38 ms, found 0 plugins.
Preloading 0 native plugins for Editor in 0.00 ms.
Mono: successfully reloaded assembly
- Completed reload, in  0.892 seconds
Platform modules already initialized, skipping
Shader 'Universal Render Pipeline/Particles/Lit': fallback shader 'Universal Render Pipeline/Particles/SimpleLit' not found
Refreshing native plugins compatible for Editor in 0.39 ms, found 0 plugins.
Preloading 0 native plugins for Editor in 0.00 ms.
Unloading 2358 Unused Serialized files (Serialized files now loaded: 0)
System memory in use before: 109.4 MB.
System memory in use after: 109.6 MB.

Unloading 5 unused Assets to reduce memory usage. Loaded Objects now: 2924.
Total: 2.185300 ms (FindLiveObjects: 0.255000 ms CreateObjectMapping: 0.130900 ms MarkObjects: 1.785100 ms  DeleteObjects: 0.013200 ms)

========================================================================
Received Prepare
Registering precompiled user dll's ...
Registered in 0.001305 seconds.
Begin MonoManager ReloadAssembly
Native extension for WindowsStandalone target not found
Refreshing native plugins compatible for Editor in 0.38 ms, found 0 plugins.
Preloading 0 native plugins for Editor in 0.00 ms.
Mono: successfully reloaded assembly
- Completed reload, in  0.867 seconds
Platform modules already initialized, skipping
Shader 'Universal Render Pipeline/Particles/Lit': fallback shader 'Universal Render Pipeline/Particles/SimpleLit' not found
Refreshing native plugins compatible for Editor in 0.38 ms, found 0 plugins.
Preloading 0 native plugins for Editor in 0.00 ms.
Unloading 2358 Unused Serialized files (Serialized files now loaded: 0)
System memory in use before: 109.4 MB.
System memory in use after: 109.6 MB.

Unloading 5 unused Assets to reduce memory usage. Loaded Objects now: 2927.
Total: 2.206700 ms (FindLiveObjects: 0.239200 ms CreateObjectMapping: 0.094900 ms MarkObjects: 1.857600 ms  DeleteObjects: 0.013600 ms)

========================================================================
Received Import Request.
  Time since last request: 2440.520760 seconds.
  path: Assets/Scripts/UI
  artifactKey: Guid(06a06f30899a2a24e92a0ee46b8241be) Importer(815301076,1909f56bfc062723c751e8b465ee728b)
Start importing Assets/Scripts/UI using Guid(06a06f30899a2a24e92a0ee46b8241be) Importer(815301076,1909f56bfc062723c751e8b465ee728b)  -> (artifact id: '95abeb509ce6cf9a7c96d128d9a6bac1') in 0.009373 seconds
  Import took 0.013797 seconds .

========================================================================
Received Import Request.
  Time since last request: 0.400761 seconds.
  path: Assets/Scripts/Base.cs
  artifactKey: Guid(be7959f1748abef49b4cdc41d5959ae7) Importer(815301076,1909f56bfc062723c751e8b465ee728b)
Start importing Assets/Scripts/Base.cs using Guid(be7959f1748abef49b4cdc41d5959ae7) Importer(815301076,1909f56bfc062723c751e8b465ee728b)  -> (artifact id: '0810a872dea79b8b19cdde11c4941dd3') in 0.030011 seconds
  Import took 0.033863 seconds .

========================================================================
Received Import Request.
  Time since last request: 17.207774 seconds.
  path: Assets/Scripts/Building.cs
  artifactKey: Guid(4df889912763b534eb42c806e850951d) Importer(815301076,1909f56bfc062723c751e8b465ee728b)
Start importing Assets/Scripts/Building.cs using Guid(4df889912763b534eb42c806e850951d) Importer(815301076,1909f56bfc062723c751e8b465ee728b)  -> (artifact id: 'b77faf6d5b92d1aae45869e00d13b203') in 0.006572 seconds
  Import took 0.010730 seconds .

========================================================================
Received Import Request.
  Time since last request: 0.027017 seconds.
  path: Assets/Scripts/Building.cs
  artifactKey: Guid(4df889912763b534eb42c806e850951d) Importer(815301076,1909f56bfc062723c751e8b465ee728b)
Start importing Assets/Scripts/Building.cs using Guid(4df889912763b534eb42c806e850951d) Importer(815301076,1909f56bfc062723c751e8b465ee728b)  -> (artifact id: 'b77faf6d5b92d1aae45869e00d13b203') in 0.002672 seconds
  Import took 0.006892 seconds .

========================================================================
Received Import Request.
  Time since last request: 1.308281 seconds.
  path: Assets/Scripts/MenuUIHandler.cs
  artifactKey: Guid(b5fdfdf1c56785947bd9d5830598e09e) Importer(815301076,1909f56bfc062723c751e8b465ee728b)
Start importing Assets/Scripts/MenuUIHandler.cs using Guid(b5fdfdf1c56785947bd9d5830598e09e) Importer(815301076,1909f56bfc062723c751e8b465ee728b)  -> (artifact id: '233e4174bdd1c5933012a56cb24c03b5') in 0.008494 seconds
  Import took 0.012986 seconds .

========================================================================
Received Import Request.
  Time since last request: 0.002094 seconds.
  path: Assets/Scripts/MenuUIHandler.cs
  artifactKey: Guid(b5fdfdf1c56785947bd9d5830598e09e) Importer(815301076,1909f56bfc062723c751e8b465ee728b)
Start importing Assets/Scripts/MenuUIHandler.cs using Guid(b5fdfdf1c56785947bd9d5830598e09e) Importer(815301076,1909f56bfc062723c751e8b465ee728b)  -> (artifact id: '233e4174bdd1c5933012a56cb24c03b5') in 0.002309 seconds
  Import took 0.007768 seconds .

========================================================================
Received Import Request.
  Time since last request: 38.202120 seconds.
  path: Assets/Scripts/ResourcePile.cs
  artifactKey: Guid(0c73ebf095b3f9a4e8ed3d2eb5aa367a) Importer(815301076,1909f56bfc062723c751e8b465ee728b)
Start importing Assets/Scripts/ResourcePile.cs using Guid(0c73ebf095b3f9a4e8ed3d2eb5aa367a) Importer(815301076,1909f56bfc062723c751e8b465ee728b)  -> (artifact id: '1d23edcd14589cc4e8979c2acf11670f') in 0.007677 seconds
  Import took 0.012189 seconds .

========================================================================
Received Import Request.
  Time since last request: 0.001735 seconds.
  path: Assets/Scripts/ResourcePile.cs
  artifactKey: Guid(0c73ebf095b3f9a4e8ed3d2eb5aa367a) Importer(815301076,1909f56bfc062723c751e8b465ee728b)
Start importing Assets/Scripts/ResourcePile.cs using Guid(0c73ebf095b3f9a4e8ed3d2eb5aa367a) Importer(815301076,1909f56bfc062723c751e8b465ee728b)  -> (artifact id: '1d23edcd14589cc4e8979c2acf11670f') in 0.002517 seconds
  Import took 0.006681 seconds .

========================================================================
Received Import Request.
  Time since last request: 1.517276 seconds.
  path: Assets/Scripts/TransporterUnit.cs
  artifactKey: Guid(10dce3fc2d9cb4440bf8047367db35c1) Importer(815301076,1909f56bfc062723c751e8b465ee728b)
Start importing Assets/Scripts/TransporterUnit.cs using Guid(10dce3fc2d9cb4440bf8047367db35c1) Importer(815301076,1909f56bfc062723c751e8b465ee728b)  -> (artifact id: '40e8ac4a799c6737582992f449164eda') in 0.006087 seconds
  Import took 0.010671 seconds .

========================================================================
Received Import Request.
  Time since last request: 0.002269 seconds.
  path: Assets/Scripts/TransporterUnit.cs
  artifactKey: Guid(10dce3fc2d9cb4440bf8047367db35c1) Importer(815301076,1909f56bfc062723c751e8b465ee728b)
Start importing Assets/Scripts/TransporterUnit.cs using Guid(10dce3fc2d9cb4440bf8047367db35c1) Importer(815301076,1909f56bfc062723c751e8b465ee728b)  -> (artifact id: '40e8ac4a799c6737582992f449164eda') in 0.002073 seconds
  Import took 0.005820 seconds .

========================================================================
Received Import Request.
  Time since last request: 0.989919 seconds.
  path: Assets/Scripts/Unit.cs
  artifactKey: Guid(fd919bb6938169f4d943ff75c82a58ea) Importer(815301076,1909f56bfc062723c751e8b465ee728b)
Start importing Assets/Scripts/Unit.cs using Guid(fd919bb6938169f4d943ff75c82a58ea) Importer(815301076,1909f56bfc062723c751e8b465ee728b)  -> (artifact id: '6291bb1d9b28de9c503fb1167b776169') in 0.007365 seconds
  Import took 0.012067 seconds .

========================================================================
Received Import Request.
  Time since last request: 0.002830 seconds.
  path: Assets/Scripts/Unit.cs
  artifactKey: Guid(fd919bb6938169f4d943ff75c82a58ea) Importer(815301076,1909f56bfc062723c751e8b465ee728b)
Start importing Assets/Scripts/Unit.cs using Guid(fd919bb6938169f4d943ff75c82a58ea) Importer(815301076,1909f56bfc062723c751e8b465ee728b)  -> (artifact id: '6291bb1d9b28de9c503fb1167b776169') in 0.002805 seconds
  Import took 0.006795 seconds .

========================================================================
Received Import Request.
  Time since last request: 1.004664 seconds.
  path: Assets/Scripts/UserControl.cs
  artifactKey: Guid(199e5487dc20dbe4b906a0f91f07d50e) Importer(815301076,1909f56bfc062723c751e8b465ee728b)
Start importing Assets/Scripts/UserControl.cs using Guid(199e5487dc20dbe4b906a0f91f07d50e) Importer(815301076,1909f56bfc062723c751e8b465ee728b)  -> (artifact id: '0b93c342f9abcfd800a60a6e2e168cff') in 0.006668 seconds
  Import took 0.011948 seconds .

========================================================================
Received Import Request.
  Time since last request: 0.000847 seconds.
  path: Assets/Scripts/UserControl.cs
  artifactKey: Guid(199e5487dc20dbe4b906a0f91f07d50e) Importer(815301076,1909f56bfc062723c751e8b465ee728b)
Start importing Assets/Scripts/UserControl.cs using Guid(199e5487dc20dbe4b906a0f91f07d50e) Importer(815301076,1909f56bfc062723c751e8b465ee728b)  -> (artifact id: '0b93c342f9abcfd800a60a6e2e168cff') in 0.002011 seconds
  Import took 0.005813 seconds .

========================================================================
Received Import Request.
  Time since last request: 2.110233 seconds.
  path: Assets/Scripts/UI/ContentEntry.cs
  artifactKey: Guid(c46e4c595fb12784a9963914471b0416) Importer(815301076,1909f56bfc062723c751e8b465ee728b)
Start importing Assets/Scripts/UI/ContentEntry.cs using Guid(c46e4c595fb12784a9963914471b0416) Importer(815301076,1909f56bfc062723c751e8b465ee728b)  -> (artifact id: 'b580b39bba76c4f381489ca2e184a370') in 0.007034 seconds
  Import took 0.011763 seconds .

========================================================================
Received Import Request.
  Time since last request: 0.000921 seconds.
  path: Assets/Scripts/UI/ContentEntry.cs
  artifactKey: Guid(c46e4c595fb12784a9963914471b0416) Importer(815301076,1909f56bfc062723c751e8b465ee728b)
Start importing Assets/Scripts/UI/ContentEntry.cs using Guid(c46e4c595fb12784a9963914471b0416) Importer(815301076,1909f56bfc062723c751e8b465ee728b)  -> (artifact id: 'b580b39bba76c4f381489ca2e184a370') in 0.002196 seconds
  Import took 0.006359 seconds .

========================================================================
Received Import Request.
  Time since last request: 0.613842 seconds.
  path: Assets/Scripts/UI/InfoPopup.cs
  artifactKey: Guid(77da56713b97bb240acea93336b7011b) Importer(815301076,1909f56bfc062723c751e8b465ee728b)
Start importing Assets/Scripts/UI/InfoPopup.cs using Guid(77da56713b97bb240acea93336b7011b) Importer(815301076,1909f56bfc062723c751e8b465ee728b)  -> (artifact id: '7d5a627bcdefb72274dc8e942597d98d') in 0.006599 seconds
  Import took 0.011064 seconds .

========================================================================
Received Import Request.
  Time since last request: 0.000549 seconds.
  path: Assets/Scripts/UI/InfoPopup.cs
  artifactKey: Guid(77da56713b97bb240acea93336b7011b) Importer(815301076,1909f56bfc062723c751e8b465ee728b)
Start importing Assets/Scripts/UI/InfoPopup.cs using Guid(77da56713b97bb240acea93336b7011b) Importer(815301076,1909f56bfc062723c751e8b465ee728b)  -> (artifact id: '7d5a627bcdefb72274dc8e942597d98d') in 0.001969 seconds
  Import took 0.005955 seconds .

========================================================================
Received Import Request.
  Time since last request: 2.703143 seconds.
  path: Assets/Scripts/UI/UIMainScene.cs
  artifactKey: Guid(2e89bb6e6749e044e9a9b103f0ad5bc5) Importer(815301076,1909f56bfc062723c751e8b465ee728b)
Start importing Assets/Scripts/UI/UIMainScene.cs using Guid(2e89bb6e6749e044e9a9b103f0ad5bc5) Importer(815301076,1909f56bfc062723c751e8b465ee728b)  -> (artifact id: 'dfd36a6c1c02f66922677c6d870a2f48') in 0.006576 seconds
  Import took 0.011255 seconds .

========================================================================
Received Import Request.
  Time since last request: 0.001739 seconds.
  path: Assets/Scripts/UI/UIMainScene.cs
  artifactKey: Guid(2e89bb6e6749e044e9a9b103f0ad5bc5) Importer(815301076,1909f56bfc062723c751e8b465ee728b)
Start importing Assets/Scripts/UI/UIMainScene.cs using Guid(2e89bb6e6749e044e9a9b103f0ad5bc5) Importer(815301076,1909f56bfc062723c751e8b465ee728b)  -> (artifact id: 'dfd36a6c1c02f66922677c6d870a2f48') in 0.002519 seconds
  Import took 0.006400 seconds .

AssetImportWorkerClient::OnTransportError - code=2 error=End of file
